<?xml version="1.0" encoding="UTF-8"?>
<!-- Generated by org.testng.reporters.JUnitXMLReporter -->
<testsuite ignored="1" hostname="LAPTOP-UF9A8OM1" failures="0" tests="1" name="Default test" time="0.063" errors="0" timestamp="2022-05-27T13:13:30 EDT">
  <testcase classname="KhemlallAutomation.MavenJava.SeleniumTest" name="FindElement" time="0.017"/>
  <testcase classname="KhemlallAutomation.MavenJava.SeleniumTest" name="BrowserAutomation" time="0.0">
    <ignored/>
  </testcase> <!-- BrowserAutomation -->
</testsuite> <!-- Default test -->
