<?xml version="1.0" encoding="UTF-8"?>
<!-- Generated by org.testng.reporters.JUnitXMLReporter -->
<testsuite ignored="1" hostname="LAPTOP-UF9A8OM1" failures="0" tests="1" name="Default test" time="0.073" errors="0" timestamp="2022-05-27T22:46:13 EDT">
  <testcase classname="KhemlallAutomation.MavenJava.RestApiTest" name="DeleteTwitter" time="0.02"/>
  <testcase classname="KhemlallAutomation.MavenJava.RestApiTest" name="PostJira" time="0.0">
    <ignored/>
  </testcase> <!-- PostJira -->
</testsuite> <!-- Default test -->
