<?xml version="1.0" encoding="UTF-8"?>
<!-- Generated by org.testng.reporters.JUnitXMLReporter -->
<testsuite ignored="3" hostname="LAPTOP-UF9A8OM1" failures="0" tests="3" name="Test" time="0.073" errors="0" timestamp="2022-05-27T12:21:00 EDT">
  <testcase classname="KhemlallAutomation.MavenJava.RestApiTest" name="PostJira" time="0.015"/>
  <testcase classname="KhemlallAutomation.MavenJava.SeleniumTest" name="FindElement" time="0.002"/>
  <testcase classname="KhemlallAutomation.MavenJava.AppiumTest" name="IosApp" time="0.001"/>
  <testcase classname="KhemlallAutomation.MavenJava.SeleniumTest" name="BrowserAutomation" time="0.0">
    <ignored/>
  </testcase> <!-- BrowserAutomation -->
  <testcase classname="KhemlallAutomation.MavenJava.RestApiTest" name="DeleteTwitter" time="0.0">
    <ignored/>
  </testcase> <!-- DeleteTwitter -->
  <testcase classname="KhemlallAutomation.MavenJava.AppiumTest" name="NativeAppAndroid" time="0.0">
    <ignored/>
  </testcase> <!-- NativeAppAndroid -->
</testsuite> <!-- Test -->
