<?xml version="1.0" encoding="UTF-8"?>
<!-- Generated by org.testng.reporters.JUnitXMLReporter -->
<testsuite ignored="0" hostname="LAPTOP-UF9A8OM1" failures="0" tests="6" name="Command line test" time="0.273" errors="0" timestamp="2022-05-31T12:06:47 EDT">
  <testcase classname="KhemlallAutomation.MavenJava.AppiumTest" name="IosApp" time="0.046"/>
  <testcase classname="KhemlallAutomation.MavenJava.AppiumTest" name="NativeAppAndroid" time="0.002"/>
  <testcase classname="KhemlallAutomation.MavenJava.RestApiTest" name="DeleteTwitter" time="0.0"/>
  <testcase classname="KhemlallAutomation.MavenJava.RestApiTest" name="PostJira" time="0.0"/>
  <testcase classname="KhemlallAutomation.MavenJava.SeleniumTest" name="BrowserAutomation" time="0.003"/>
  <testcase classname="KhemlallAutomation.MavenJava.SeleniumTest" name="FindElement" time="0.0"/>
</testsuite> <!-- Command line test -->
