<?xml version="1.0" encoding="UTF-8"?>
<!-- Generated by org.testng.reporters.JUnitXMLReporter -->
<testsuite ignored="4" hostname="LAPTOP-UF9A8OM1" failures="0" tests="2" name="Test" time="0.078" errors="0" timestamp="2022-05-27T13:35:34 EDT">
  <testcase classname="KhemlallAutomation.MavenJava.RestApiTest" name="DeleteTwitter" time="0.015"/>
  <testcase classname="KhemlallAutomation.MavenJava.AppiumTest" name="NativeAppAndroid" time="0.0"/>
  <testcase classname="KhemlallAutomation.MavenJava.RestApiTest" name="PostJira" time="0.0">
    <ignored/>
  </testcase> <!-- PostJira -->
  <testcase classname="KhemlallAutomation.MavenJava.AppiumTest" name="IosApp" time="0.0">
    <ignored/>
  </testcase> <!-- IosApp -->
  <testcase classname="KhemlallAutomation.MavenJava.SeleniumTest" name="FindElement" time="0.0">
    <ignored/>
  </testcase> <!-- FindElement -->
  <testcase classname="KhemlallAutomation.MavenJava.SeleniumTest" name="BrowserAutomation" time="0.0">
    <ignored/>
  </testcase> <!-- BrowserAutomation -->
</testsuite> <!-- Test -->
