<?xml version="1.0" encoding="UTF-8"?>
<testng-results ignored="4" total="6" passed="2" failed="0" skipped="0">
  <reporter-output>
  </reporter-output>
  <suite started-at="2022-05-27T13:35:33 EDT" name="Suite" finished-at="2022-05-27T13:35:33 EDT" duration-ms="78">
    <groups>
    </groups>
    <test started-at="2022-05-27T13:35:33 EDT" name="Test" finished-at="2022-05-27T13:35:33 EDT" duration-ms="78">
      <class name="KhemlallAutomation.MavenJava.RestApiTest">
        <test-method signature="DeleteTwitter()[pri:0, instance:KhemlallAutomation.MavenJava.RestApiTest@6eda5c9]" started-at="2022-05-27T13:35:33 EDT" name="DeleteTwitter" finished-at="2022-05-27T13:35:33 EDT" duration-ms="15" status="PASS">
          <reporter-output>
          </reporter-output>
        </test-method> <!-- DeleteTwitter -->
      </class> <!-- KhemlallAutomation.MavenJava.RestApiTest -->
      <class name="KhemlallAutomation.MavenJava.AppiumTest">
        <test-method signature="NativeAppAndroid()[pri:0, instance:KhemlallAutomation.MavenJava.AppiumTest@498d318c]" started-at="2022-05-27T13:35:33 EDT" name="NativeAppAndroid" finished-at="2022-05-27T13:35:33 EDT" duration-ms="0" status="PASS">
          <reporter-output>
          </reporter-output>
        </test-method> <!-- NativeAppAndroid -->
      </class> <!-- KhemlallAutomation.MavenJava.AppiumTest -->
    </test> <!-- Test -->
  </suite> <!-- Suite -->
</testng-results>
