<?xml version="1.0" encoding="UTF-8"?>
<testng-results ignored="1" total="2" passed="1" failed="0" skipped="0">
  <reporter-output>
  </reporter-output>
  <suite started-at="2022-05-27T22:46:13 EDT" name="Default suite" finished-at="2022-05-27T22:46:13 EDT" duration-ms="73">
    <groups>
      <group name="regression">
        <method signature="RestApiTest.DeleteTwitter()[pri:0, instance:KhemlallAutomation.MavenJava.RestApiTest@35ef1869]" name="DeleteTwitter" class="KhemlallAutomation.MavenJava.RestApiTest"/>
      </group> <!-- regression -->
    </groups>
    <test started-at="2022-05-27T22:46:13 EDT" name="Default test" finished-at="2022-05-27T22:46:13 EDT" duration-ms="73">
      <class name="KhemlallAutomation.MavenJava.RestApiTest">
        <test-method signature="DeleteTwitter()[pri:0, instance:KhemlallAutomation.MavenJava.RestApiTest@35ef1869]" started-at="2022-05-27T22:46:13 EDT" name="DeleteTwitter" finished-at="2022-05-27T22:46:13 EDT" duration-ms="20" status="PASS">
          <reporter-output>
          </reporter-output>
        </test-method> <!-- DeleteTwitter -->
      </class> <!-- KhemlallAutomation.MavenJava.RestApiTest -->
    </test> <!-- Default test -->
  </suite> <!-- Default suite -->
</testng-results>
